C51 COMPILER V9.60.0.0   DELAY                                                             05/17/2020 19:06:56 PAGE 1   


C51 COMPILER V9.60.0.0, COMPILATION OF MODULE DELAY
OBJECT MODULE PLACED IN delay.obj
COMPILER INVOKED BY: C:\Keil_v5\C51\BIN\C51.EXE lib\Src\delay.c COMPACT OPTIMIZE(8,SPEED) INCDIR(.\lib\Inc;.\user;.\user
                    -) DEBUG OBJECTEXTEND PRINT(.\Listings\delay.lst) TABS(2) OBJECT(delay.obj)

line level    source

   1          #include "main.h"
   2          void Delay_ms(unsigned int n) {
   3   1          unsigned char i, j;
   4   1          while(n--) {
   5   2              _nop_();
   6   2              _nop_();
   7   2              _nop_();
   8   2              i = 11;
   9   2              j = 190;
  10   2              do
  11   2              {
  12   3                  while (--j);
  13   3              } while (--i);
  14   2          }
  15   1      }
  16          
  17          void Delay_us(unsigned int n) {
  18   1          while(n--);
  19   1      }
  20          
  21          
  22          
  23          void Delay_150us(void) {
  24   1          unsigned char i, j;
  25   1      
  26   1          _nop_();
  27   1          _nop_();
  28   1          _nop_();
  29   1          i = 2;
  30   1          j = 153;
  31   1          do
  32   1          {
  33   2              while (--j);
  34   2          } while (--i);
  35   1      }


MODULE INFORMATION:   STATIC OVERLAYABLE
   CODE SIZE        =     47    ----
   CONSTANT SIZE    =   ----    ----
   XDATA SIZE       =   ----    ----
   PDATA SIZE       =   ----    ----
   DATA SIZE        =   ----    ----
   IDATA SIZE       =   ----    ----
   BIT SIZE         =   ----    ----
END OF MODULE INFORMATION.


C51 COMPILATION COMPLETE.  0 WARNING(S),  0 ERROR(S)
