C51 COMPILER V9.60.0.0   KEY                                                               05/17/2020 17:26:01 PAGE 1   


C51 COMPILER V9.60.0.0, COMPILATION OF MODULE KEY
OBJECT MODULE PLACED IN key.obj
COMPILER INVOKED BY: C:\Keil_v5\C51\BIN\C51.EXE lib\Src\key.c COMPACT OPTIMIZE(8,SPEED) INCDIR(.\lib\Inc;.\user;.\user) 
                    -DEBUG OBJECTEXTEND PRINT(.\Listings\key.lst) TABS(2) OBJECT(key.obj)

line level    source

   1          #include "main.h"
   2          
   3          unsigned char scan_key()
   4          {
   5   1          unsigned char i;
   6   1          if(key_1 == 0)
*** ERROR C202 IN LINE 6 OF lib\Src\key.c: 'key_1': undefined identifier
   7   1          {
   8   2              delay_ms(10);
   9   2              if(key_1==0)    //
*** ERROR C202 IN LINE 9 OF lib\Src\key.c: 'key_1': undefined identifier
  10   2              {
  11   3                  for(i=0; i<100; i++)   //此处消抖程序
  12   3                  {
  13   4                      if(key_1==0)
*** ERROR C202 IN LINE 13 OF lib\Src\key.c: 'key_1': undefined identifier
  14   4                          i=0;
  15   4                  }
  16   3                  return 1;
  17   3              }
  18   2      
  19   2          }
  20   1          else if(key_2 == 0)
*** ERROR C202 IN LINE 20 OF lib\Src\key.c: 'key_2': undefined identifier
  21   1          {
  22   2              delay_ms(10);
  23   2              if(key_2==0)    //
*** ERROR C202 IN LINE 23 OF lib\Src\key.c: 'key_2': undefined identifier
  24   2              {
  25   3                  for(i=0; i<100; i++)   //此处消抖程序非常经典，怎么按都绝对不会产生抖动。
  26   3                  {
  27   4                      if(key_2==0)
*** ERROR C202 IN LINE 27 OF lib\Src\key.c: 'key_2': undefined identifier
  28   4                          i=0;
  29   4                  }                 //在这儿添加按键按下后要执行的功能
  30   3                  return 2;
  31   3              }
  32   2          }
  33   1      
  34   1      
  35   1          else if(key_3 == 0)
*** ERROR C202 IN LINE 35 OF lib\Src\key.c: 'key_3': undefined identifier
  36   1          {
  37   2              delay_ms(10);
  38   2              if(key_3==0)    //
*** ERROR C202 IN LINE 38 OF lib\Src\key.c: 'key_3': undefined identifier
  39   2              {
  40   3                  for(i=0; i<100; i++)   //此处消抖程序非常经典，怎么按都绝对不会产生抖动。
  41   3                  {
  42   4                      if(key_3 == 0)
*** ERROR C202 IN LINE 42 OF lib\Src\key.c: 'key_3': undefined identifier
  43   4                          i=0;
  44   4                  }
  45   3                  return 3;
C51 COMPILER V9.60.0.0   KEY                                                               05/17/2020 17:26:01 PAGE 2   

  46   3                  //在这儿添加按键按下后要执行的功能。
  47   3              }
  48   2          }
  49   1      
  50   1          else if(key_4 == 0)
*** ERROR C202 IN LINE 50 OF lib\Src\key.c: 'key_4': undefined identifier
  51   1          {
  52   2              delay_ms(10);
  53   2              if(key_4==0)    //
*** ERROR C202 IN LINE 53 OF lib\Src\key.c: 'key_4': undefined identifier
  54   2              {
  55   3                  for(i=0; i<100; i++)   //此处消抖程序非常经典，怎么按都绝对不会产生抖动。
  56   3                  {
  57   4                      if(key_4 == 0)
*** ERROR C202 IN LINE 57 OF lib\Src\key.c: 'key_4': undefined identifier
  58   4                          i=0;
  59   4                  }
  60   3                  return 4;
  61   3                  //在这儿添加按键按下后要执行的功能。
  62   3              }
  63   2          }
  64   1      //
  65   1      //    else if(key_5 == 0)
  66   1      //    {
  67   1      //        delay_ms(10);
  68   1      //        if(key_5==0)    //
  69   1      //        {
  70   1      //            for(i=0; i<100; i++)   //此处消抖程序
  71   1      //            {
  72   1      //                if(key_5==0)
  73   1      //                    i=0;
  74   1      //            }
  75   1      //            return 5;
  76   1      //        }
  77   1      
  78   1      //    }
  79   1      //
  80   1      //    else if(key_6 == 0)
  81   1      //    {
  82   1      //        delay_ms(10);
  83   1      //        if(key_6==0)    //
  84   1      //        {
  85   1      //            for(i=0; i<100; i++)   //此处消抖程序
  86   1      //            {
  87   1      //                if(key_6==0)
  88   1      //                    i=0;
  89   1      //            }
  90   1      //            return 6;
  91   1      //        }
  92   1      //    }
  93   1          else
  94   1              return 0;
  95   1      }

C51 COMPILATION COMPLETE.  0 WARNING(S),  12 ERROR(S)
