C51 COMPILER V9.60.0.0   OLEDCODE                                                          05/17/2020 19:06:57 PAGE 1   


C51 COMPILER V9.60.0.0, COMPILATION OF MODULE OLEDCODE
OBJECT MODULE PLACED IN oledcode.obj
COMPILER INVOKED BY: C:\Keil_v5\C51\BIN\C51.EXE lib\Src\oledcode.c COMPACT OPTIMIZE(8,SPEED) INCDIR(.\lib\Inc;.\user;.\u
                    -ser) DEBUG OBJECTEXTEND PRINT(.\Listings\oledcode.lst) TABS(2) OBJECT(oledcode.obj)

line level    source

   1          //常用ASCII表
   2          //偏移量32
   3          //ASCII字符集
   4          //偏移量32
   5          //大小:12*6
   6          #include "oledcode.h"
   7          /************************************6*8的点阵************************************/
   8          const unsigned char code F6x8[][6] =
   9          {
  10              0x00, 0x00, 0x00, 0x00, 0x00, 0x00,// sp
  11              0x00, 0x00, 0x00, 0x2f, 0x00, 0x00,// !
  12              0x00, 0x00, 0x07, 0x00, 0x07, 0x00,// "
  13              0x00, 0x14, 0x7f, 0x14, 0x7f, 0x14,// #
  14              0x00, 0x24, 0x2a, 0x7f, 0x2a, 0x12,// $
  15              0x00, 0x62, 0x64, 0x08, 0x13, 0x23,// %
  16              0x00, 0x36, 0x49, 0x55, 0x22, 0x50,// &
  17              0x00, 0x00, 0x05, 0x03, 0x00, 0x00,// '
  18              0x00, 0x00, 0x1c, 0x22, 0x41, 0x00,// (
  19              0x00, 0x00, 0x41, 0x22, 0x1c, 0x00,// )
  20              0x00, 0x14, 0x08, 0x3E, 0x08, 0x14,// *
  21              0x00, 0x08, 0x08, 0x3E, 0x08, 0x08,// +
  22              0x00, 0x00, 0x00, 0xA0, 0x60, 0x00,// ,
  23              0x00, 0x08, 0x08, 0x08, 0x08, 0x08,// -
  24              0x00, 0x00, 0x60, 0x60, 0x00, 0x00,// .
  25              0x00, 0x20, 0x10, 0x08, 0x04, 0x02,// /
  26              0x00, 0x3E, 0x51, 0x49, 0x45, 0x3E,// 0
  27              0x00, 0x00, 0x42, 0x7F, 0x40, 0x00,// 1
  28              0x00, 0x42, 0x61, 0x51, 0x49, 0x46,// 2
  29              0x00, 0x21, 0x41, 0x45, 0x4B, 0x31,// 3
  30              0x00, 0x18, 0x14, 0x12, 0x7F, 0x10,// 4
  31              0x00, 0x27, 0x45, 0x45, 0x45, 0x39,// 5
  32              0x00, 0x3C, 0x4A, 0x49, 0x49, 0x30,// 6
  33              0x00, 0x01, 0x71, 0x09, 0x05, 0x03,// 7
  34              0x00, 0x36, 0x49, 0x49, 0x49, 0x36,// 8
  35              0x00, 0x06, 0x49, 0x49, 0x29, 0x1E,// 9
  36              0x00, 0x00, 0x36, 0x36, 0x00, 0x00,// :
  37              0x00, 0x00, 0x56, 0x36, 0x00, 0x00,// ;
  38              0x00, 0x08, 0x14, 0x22, 0x41, 0x00,// <
  39              0x00, 0x14, 0x14, 0x14, 0x14, 0x14,// =
  40              0x00, 0x00, 0x41, 0x22, 0x14, 0x08,// >
  41              0x00, 0x02, 0x01, 0x51, 0x09, 0x06,// ?
  42              0x00, 0x32, 0x49, 0x59, 0x51, 0x3E,// @
  43              0x00, 0x7C, 0x12, 0x11, 0x12, 0x7C,// A
  44              0x00, 0x7F, 0x49, 0x49, 0x49, 0x36,// B
  45              0x00, 0x3E, 0x41, 0x41, 0x41, 0x22,// C
  46              0x00, 0x7F, 0x41, 0x41, 0x22, 0x1C,// D
  47              0x00, 0x7F, 0x49, 0x49, 0x49, 0x41,// E
  48              0x00, 0x7F, 0x09, 0x09, 0x09, 0x01,// F
  49              0x00, 0x3E, 0x41, 0x49, 0x49, 0x7A,// G
  50              0x00, 0x7F, 0x08, 0x08, 0x08, 0x7F,// H
  51              0x00, 0x00, 0x41, 0x7F, 0x41, 0x00,// I
  52              0x00, 0x20, 0x40, 0x41, 0x3F, 0x01,// J
  53              0x00, 0x7F, 0x08, 0x14, 0x22, 0x41,// K
  54              0x00, 0x7F, 0x40, 0x40, 0x40, 0x40,// L
C51 COMPILER V9.60.0.0   OLEDCODE                                                          05/17/2020 19:06:57 PAGE 2   

  55              0x00, 0x7F, 0x02, 0x0C, 0x02, 0x7F,// M
  56              0x00, 0x7F, 0x04, 0x08, 0x10, 0x7F,// N
  57              0x00, 0x3E, 0x41, 0x41, 0x41, 0x3E,// O
  58              0x00, 0x7F, 0x09, 0x09, 0x09, 0x06,// P
  59              0x00, 0x3E, 0x41, 0x51, 0x21, 0x5E,// Q
  60              0x00, 0x7F, 0x09, 0x19, 0x29, 0x46,// R
  61              0x00, 0x46, 0x49, 0x49, 0x49, 0x31,// S
  62              0x00, 0x01, 0x01, 0x7F, 0x01, 0x01,// T
  63              0x00, 0x3F, 0x40, 0x40, 0x40, 0x3F,// U
  64              0x00, 0x1F, 0x20, 0x40, 0x20, 0x1F,// V
  65              0x00, 0x3F, 0x40, 0x38, 0x40, 0x3F,// W
  66              0x00, 0x63, 0x14, 0x08, 0x14, 0x63,// X
  67              0x00, 0x07, 0x08, 0x70, 0x08, 0x07,// Y
  68              0x00, 0x61, 0x51, 0x49, 0x45, 0x43,// Z
  69              0x00, 0x00, 0x7F, 0x41, 0x41, 0x00,// [
  70              0x00, 0x55, 0x2A, 0x55, 0x2A, 0x55,// 55
  71              0x00, 0x00, 0x41, 0x41, 0x7F, 0x00,// ]
  72              0x00, 0x04, 0x02, 0x01, 0x02, 0x04,// ^
  73              0x00, 0x40, 0x40, 0x40, 0x40, 0x40,// _
  74              0x00, 0x00, 0x01, 0x02, 0x04, 0x00,// '
  75              0x00, 0x20, 0x54, 0x54, 0x54, 0x78,// a
  76              0x00, 0x7F, 0x48, 0x44, 0x44, 0x38,// b
  77              0x00, 0x38, 0x44, 0x44, 0x44, 0x20,// c
  78              0x00, 0x38, 0x44, 0x44, 0x48, 0x7F,// d
  79              0x00, 0x38, 0x54, 0x54, 0x54, 0x18,// e
  80              0x00, 0x08, 0x7E, 0x09, 0x01, 0x02,// f
  81              0x00, 0x18, 0xA4, 0xA4, 0xA4, 0x7C,// g
  82              0x00, 0x7F, 0x08, 0x04, 0x04, 0x78,// h
  83              0x00, 0x00, 0x44, 0x7D, 0x40, 0x00,// i
  84              0x00, 0x40, 0x80, 0x84, 0x7D, 0x00,// j
  85              0x00, 0x7F, 0x10, 0x28, 0x44, 0x00,// k
  86              0x00, 0x00, 0x41, 0x7F, 0x40, 0x00,// l
  87              0x00, 0x7C, 0x04, 0x18, 0x04, 0x78,// m
  88              0x00, 0x7C, 0x08, 0x04, 0x04, 0x78,// n
  89              0x00, 0x38, 0x44, 0x44, 0x44, 0x38,// o
  90              0x00, 0xFC, 0x24, 0x24, 0x24, 0x18,// p
  91              0x00, 0x18, 0x24, 0x24, 0x18, 0xFC,// q
  92              0x00, 0x7C, 0x08, 0x04, 0x04, 0x08,// r
  93              0x00, 0x48, 0x54, 0x54, 0x54, 0x20,// s
  94              0x00, 0x04, 0x3F, 0x44, 0x40, 0x20,// t
  95              0x00, 0x3C, 0x40, 0x40, 0x20, 0x7C,// u
  96              0x00, 0x1C, 0x20, 0x40, 0x20, 0x1C,// v
  97              0x00, 0x3C, 0x40, 0x30, 0x40, 0x3C,// w
  98              0x00, 0x44, 0x28, 0x10, 0x28, 0x44,// x
  99              0x00, 0x1C, 0xA0, 0xA0, 0xA0, 0x7C,// y
 100              0x00, 0x44, 0x64, 0x54, 0x4C, 0x44,// z
 101              0x14, 0x14, 0x14, 0x14, 0x14, 0x14,// horiz lines
 102          };
 103          /****************************************8*16的点阵************************************/
 104          const unsigned char code F8X16[]=
 105          {
 106              0x00,0x00,0x00,0x00,0x00,0x00,0x00,0x00,0x00,0x00,0x00,0x00,0x00,0x00,0x00,0x00,// 0
 107              0x00,0x00,0x00,0xF8,0x00,0x00,0x00,0x00,0x00,0x00,0x00,0x33,0x30,0x00,0x00,0x00,//! 1
 108              0x00,0x10,0x0C,0x06,0x10,0x0C,0x06,0x00,0x00,0x00,0x00,0x00,0x00,0x00,0x00,0x00,//" 2
 109              0x40,0xC0,0x78,0x40,0xC0,0x78,0x40,0x00,0x04,0x3F,0x04,0x04,0x3F,0x04,0x04,0x00,//# 3
 110              0x00,0x70,0x88,0xFC,0x08,0x30,0x00,0x00,0x00,0x18,0x20,0xFF,0x21,0x1E,0x00,0x00,//$ 4
 111              0xF0,0x08,0xF0,0x00,0xE0,0x18,0x00,0x00,0x00,0x21,0x1C,0x03,0x1E,0x21,0x1E,0x00,//% 5
 112              0x00,0xF0,0x08,0x88,0x70,0x00,0x00,0x00,0x1E,0x21,0x23,0x24,0x19,0x27,0x21,0x10,//& 6
 113              0x10,0x16,0x0E,0x00,0x00,0x00,0x00,0x00,0x00,0x00,0x00,0x00,0x00,0x00,0x00,0x00,//' 7
 114              0x00,0x00,0x00,0xE0,0x18,0x04,0x02,0x00,0x00,0x00,0x00,0x07,0x18,0x20,0x40,0x00,//( 8
 115              0x00,0x02,0x04,0x18,0xE0,0x00,0x00,0x00,0x00,0x40,0x20,0x18,0x07,0x00,0x00,0x00,//) 9
 116              0x40,0x40,0x80,0xF0,0x80,0x40,0x40,0x00,0x02,0x02,0x01,0x0F,0x01,0x02,0x02,0x00,//* 10
C51 COMPILER V9.60.0.0   OLEDCODE                                                          05/17/2020 19:06:57 PAGE 3   

 117              0x00,0x00,0x00,0xF0,0x00,0x00,0x00,0x00,0x01,0x01,0x01,0x1F,0x01,0x01,0x01,0x00,//+ 11
 118              0x00,0x00,0x00,0x00,0x00,0x00,0x00,0x00,0x80,0xB0,0x70,0x00,0x00,0x00,0x00,0x00,//, 12
 119              0x00,0x00,0x00,0x00,0x00,0x00,0x00,0x00,0x00,0x01,0x01,0x01,0x01,0x01,0x01,0x01,//- 13
 120              0x00,0x00,0x00,0x00,0x00,0x00,0x00,0x00,0x00,0x30,0x30,0x00,0x00,0x00,0x00,0x00,//. 14
 121              0x00,0x00,0x00,0x00,0x80,0x60,0x18,0x04,0x00,0x60,0x18,0x06,0x01,0x00,0x00,0x00,/// 15
 122              0x00,0xE0,0x10,0x08,0x08,0x10,0xE0,0x00,0x00,0x0F,0x10,0x20,0x20,0x10,0x0F,0x00,//0 16
 123              0x00,0x10,0x10,0xF8,0x00,0x00,0x00,0x00,0x00,0x20,0x20,0x3F,0x20,0x20,0x00,0x00,//1 17
 124              0x00,0x70,0x08,0x08,0x08,0x88,0x70,0x00,0x00,0x30,0x28,0x24,0x22,0x21,0x30,0x00,//2 18
 125              0x00,0x30,0x08,0x88,0x88,0x48,0x30,0x00,0x00,0x18,0x20,0x20,0x20,0x11,0x0E,0x00,//3 19
 126              0x00,0x00,0xC0,0x20,0x10,0xF8,0x00,0x00,0x00,0x07,0x04,0x24,0x24,0x3F,0x24,0x00,//4 20
 127              0x00,0xF8,0x08,0x88,0x88,0x08,0x08,0x00,0x00,0x19,0x21,0x20,0x20,0x11,0x0E,0x00,//5 21
 128              0x00,0xE0,0x10,0x88,0x88,0x18,0x00,0x00,0x00,0x0F,0x11,0x20,0x20,0x11,0x0E,0x00,//6 22
 129              0x00,0x38,0x08,0x08,0xC8,0x38,0x08,0x00,0x00,0x00,0x00,0x3F,0x00,0x00,0x00,0x00,//7 23
 130              0x00,0x70,0x88,0x08,0x08,0x88,0x70,0x00,0x00,0x1C,0x22,0x21,0x21,0x22,0x1C,0x00,//8 24
 131              0x00,0xE0,0x10,0x08,0x08,0x10,0xE0,0x00,0x00,0x00,0x31,0x22,0x22,0x11,0x0F,0x00,//9 25
 132              0x00,0x00,0x00,0xC0,0xC0,0x00,0x00,0x00,0x00,0x00,0x00,0x30,0x30,0x00,0x00,0x00,//: 26
 133              0x00,0x00,0x00,0x80,0x00,0x00,0x00,0x00,0x00,0x00,0x80,0x60,0x00,0x00,0x00,0x00,//; 27
 134              0x00,0x00,0x80,0x40,0x20,0x10,0x08,0x00,0x00,0x01,0x02,0x04,0x08,0x10,0x20,0x00,//< 28
 135              0x40,0x40,0x40,0x40,0x40,0x40,0x40,0x00,0x04,0x04,0x04,0x04,0x04,0x04,0x04,0x00,//= 29
 136              0x00,0x08,0x10,0x20,0x40,0x80,0x00,0x00,0x00,0x20,0x10,0x08,0x04,0x02,0x01,0x00,//> 30
 137              0x00,0x70,0x48,0x08,0x08,0x08,0xF0,0x00,0x00,0x00,0x00,0x30,0x36,0x01,0x00,0x00,//? 31
 138              0xC0,0x30,0xC8,0x28,0xE8,0x10,0xE0,0x00,0x07,0x18,0x27,0x24,0x23,0x14,0x0B,0x00,//@ 32
 139              0x00,0x00,0xC0,0x38,0xE0,0x00,0x00,0x00,0x20,0x3C,0x23,0x02,0x02,0x27,0x38,0x20,//A 33
 140              0x08,0xF8,0x88,0x88,0x88,0x70,0x00,0x00,0x20,0x3F,0x20,0x20,0x20,0x11,0x0E,0x00,//B 34
 141              0xC0,0x30,0x08,0x08,0x08,0x08,0x38,0x00,0x07,0x18,0x20,0x20,0x20,0x10,0x08,0x00,//C 35
 142              0x08,0xF8,0x08,0x08,0x08,0x10,0xE0,0x00,0x20,0x3F,0x20,0x20,0x20,0x10,0x0F,0x00,//D 36
 143              0x08,0xF8,0x88,0x88,0xE8,0x08,0x10,0x00,0x20,0x3F,0x20,0x20,0x23,0x20,0x18,0x00,//E 37
 144              0x08,0xF8,0x88,0x88,0xE8,0x08,0x10,0x00,0x20,0x3F,0x20,0x00,0x03,0x00,0x00,0x00,//F 38
 145              0xC0,0x30,0x08,0x08,0x08,0x38,0x00,0x00,0x07,0x18,0x20,0x20,0x22,0x1E,0x02,0x00,//G 39
 146              0x08,0xF8,0x08,0x00,0x00,0x08,0xF8,0x08,0x20,0x3F,0x21,0x01,0x01,0x21,0x3F,0x20,//H 40
 147              0x00,0x08,0x08,0xF8,0x08,0x08,0x00,0x00,0x00,0x20,0x20,0x3F,0x20,0x20,0x00,0x00,//I 41
 148              0x00,0x00,0x08,0x08,0xF8,0x08,0x08,0x00,0xC0,0x80,0x80,0x80,0x7F,0x00,0x00,0x00,//J 42
 149              0x08,0xF8,0x88,0xC0,0x28,0x18,0x08,0x00,0x20,0x3F,0x20,0x01,0x26,0x38,0x20,0x00,//K 43
 150              0x08,0xF8,0x08,0x00,0x00,0x00,0x00,0x00,0x20,0x3F,0x20,0x20,0x20,0x20,0x30,0x00,//L 44
 151              0x08,0xF8,0xF8,0x00,0xF8,0xF8,0x08,0x00,0x20,0x3F,0x00,0x3F,0x00,0x3F,0x20,0x00,//M 45
 152              0x08,0xF8,0x30,0xC0,0x00,0x08,0xF8,0x08,0x20,0x3F,0x20,0x00,0x07,0x18,0x3F,0x00,//N 46
 153              0xE0,0x10,0x08,0x08,0x08,0x10,0xE0,0x00,0x0F,0x10,0x20,0x20,0x20,0x10,0x0F,0x00,//O 47
 154              0x08,0xF8,0x08,0x08,0x08,0x08,0xF0,0x00,0x20,0x3F,0x21,0x01,0x01,0x01,0x00,0x00,//P 48
 155              0xE0,0x10,0x08,0x08,0x08,0x10,0xE0,0x00,0x0F,0x18,0x24,0x24,0x38,0x50,0x4F,0x00,//Q 49
 156              0x08,0xF8,0x88,0x88,0x88,0x88,0x70,0x00,0x20,0x3F,0x20,0x00,0x03,0x0C,0x30,0x20,//R 50
 157              0x00,0x70,0x88,0x08,0x08,0x08,0x38,0x00,0x00,0x38,0x20,0x21,0x21,0x22,0x1C,0x00,//S 51
 158              0x18,0x08,0x08,0xF8,0x08,0x08,0x18,0x00,0x00,0x00,0x20,0x3F,0x20,0x00,0x00,0x00,//T 52
 159              0x08,0xF8,0x08,0x00,0x00,0x08,0xF8,0x08,0x00,0x1F,0x20,0x20,0x20,0x20,0x1F,0x00,//U 53
 160              0x08,0x78,0x88,0x00,0x00,0xC8,0x38,0x08,0x00,0x00,0x07,0x38,0x0E,0x01,0x00,0x00,//V 54
 161              0xF8,0x08,0x00,0xF8,0x00,0x08,0xF8,0x00,0x03,0x3C,0x07,0x00,0x07,0x3C,0x03,0x00,//W 55
 162              0x08,0x18,0x68,0x80,0x80,0x68,0x18,0x08,0x20,0x30,0x2C,0x03,0x03,0x2C,0x30,0x20,//X 56
 163              0x08,0x38,0xC8,0x00,0xC8,0x38,0x08,0x00,0x00,0x00,0x20,0x3F,0x20,0x00,0x00,0x00,//Y 57
 164              0x10,0x08,0x08,0x08,0xC8,0x38,0x08,0x00,0x20,0x38,0x26,0x21,0x20,0x20,0x18,0x00,//Z 58
 165              0x00,0x00,0x00,0xFE,0x02,0x02,0x02,0x00,0x00,0x00,0x00,0x7F,0x40,0x40,0x40,0x00,//[ 59
 166              0x00,0x0C,0x30,0xC0,0x00,0x00,0x00,0x00,0x00,0x00,0x00,0x01,0x06,0x38,0xC0,0x00,//\ 60
 167              0x00,0x02,0x02,0x02,0xFE,0x00,0x00,0x00,0x00,0x40,0x40,0x40,0x7F,0x00,0x00,0x00,//] 61
 168              0x00,0x00,0x04,0x02,0x02,0x02,0x04,0x00,0x00,0x00,0x00,0x00,0x00,0x00,0x00,0x00,//^ 62
 169              0x00,0x00,0x00,0x00,0x00,0x00,0x00,0x00,0x80,0x80,0x80,0x80,0x80,0x80,0x80,0x80,//_ 63
 170              0x00,0x02,0x02,0x04,0x00,0x00,0x00,0x00,0x00,0x00,0x00,0x00,0x00,0x00,0x00,0x00,//` 64
 171              0x00,0x00,0x80,0x80,0x80,0x80,0x00,0x00,0x00,0x19,0x24,0x22,0x22,0x22,0x3F,0x20,//a 65
 172              0x08,0xF8,0x00,0x80,0x80,0x00,0x00,0x00,0x00,0x3F,0x11,0x20,0x20,0x11,0x0E,0x00,//b 66
 173              0x00,0x00,0x00,0x80,0x80,0x80,0x00,0x00,0x00,0x0E,0x11,0x20,0x20,0x20,0x11,0x00,//c 67
 174              0x00,0x00,0x00,0x80,0x80,0x88,0xF8,0x00,0x00,0x0E,0x11,0x20,0x20,0x10,0x3F,0x20,//d 68
 175              0x00,0x00,0x80,0x80,0x80,0x80,0x00,0x00,0x00,0x1F,0x22,0x22,0x22,0x22,0x13,0x00,//e 69
 176              0x00,0x80,0x80,0xF0,0x88,0x88,0x88,0x18,0x00,0x20,0x20,0x3F,0x20,0x20,0x00,0x00,//f 70
 177              0x00,0x00,0x80,0x80,0x80,0x80,0x80,0x00,0x00,0x6B,0x94,0x94,0x94,0x93,0x60,0x00,//g 71
 178              0x08,0xF8,0x00,0x80,0x80,0x80,0x00,0x00,0x20,0x3F,0x21,0x00,0x00,0x20,0x3F,0x20,//h 72
C51 COMPILER V9.60.0.0   OLEDCODE                                                          05/17/2020 19:06:57 PAGE 4   

 179              0x00,0x80,0x98,0x98,0x00,0x00,0x00,0x00,0x00,0x20,0x20,0x3F,0x20,0x20,0x00,0x00,//i 73
 180              0x00,0x00,0x00,0x80,0x98,0x98,0x00,0x00,0x00,0xC0,0x80,0x80,0x80,0x7F,0x00,0x00,//j 74
 181              0x08,0xF8,0x00,0x00,0x80,0x80,0x80,0x00,0x20,0x3F,0x24,0x02,0x2D,0x30,0x20,0x00,//k 75
 182              0x00,0x08,0x08,0xF8,0x00,0x00,0x00,0x00,0x00,0x20,0x20,0x3F,0x20,0x20,0x00,0x00,//l 76
 183              0x80,0x80,0x80,0x80,0x80,0x80,0x80,0x00,0x20,0x3F,0x20,0x00,0x3F,0x20,0x00,0x3F,//m 77
 184              0x80,0x80,0x00,0x80,0x80,0x80,0x00,0x00,0x20,0x3F,0x21,0x00,0x00,0x20,0x3F,0x20,//n 78
 185              0x00,0x00,0x80,0x80,0x80,0x80,0x00,0x00,0x00,0x1F,0x20,0x20,0x20,0x20,0x1F,0x00,//o 79
 186              0x80,0x80,0x00,0x80,0x80,0x00,0x00,0x00,0x80,0xFF,0xA1,0x20,0x20,0x11,0x0E,0x00,//p 80
 187              0x00,0x00,0x00,0x80,0x80,0x80,0x80,0x00,0x00,0x0E,0x11,0x20,0x20,0xA0,0xFF,0x80,//q 81
 188              0x80,0x80,0x80,0x00,0x80,0x80,0x80,0x00,0x20,0x20,0x3F,0x21,0x20,0x00,0x01,0x00,//r 82
 189              0x00,0x00,0x80,0x80,0x80,0x80,0x80,0x00,0x00,0x33,0x24,0x24,0x24,0x24,0x19,0x00,//s 83
 190              0x00,0x80,0x80,0xE0,0x80,0x80,0x00,0x00,0x00,0x00,0x00,0x1F,0x20,0x20,0x00,0x00,//t 84
 191              0x80,0x80,0x00,0x00,0x00,0x80,0x80,0x00,0x00,0x1F,0x20,0x20,0x20,0x10,0x3F,0x20,//u 85
 192              0x80,0x80,0x80,0x00,0x00,0x80,0x80,0x80,0x00,0x01,0x0E,0x30,0x08,0x06,0x01,0x00,//v 86
 193              0x80,0x80,0x00,0x80,0x00,0x80,0x80,0x80,0x0F,0x30,0x0C,0x03,0x0C,0x30,0x0F,0x00,//w 87
 194              0x00,0x80,0x80,0x00,0x80,0x80,0x80,0x00,0x00,0x20,0x31,0x2E,0x0E,0x31,0x20,0x00,//x 88
 195              0x80,0x80,0x80,0x00,0x00,0x80,0x80,0x80,0x80,0x81,0x8E,0x70,0x18,0x06,0x01,0x00,//y 89
 196              0x00,0x80,0x80,0x80,0x80,0x80,0x80,0x00,0x00,0x21,0x30,0x2C,0x22,0x21,0x30,0x00,//z 90
 197              0x00,0x00,0x00,0x00,0x80,0x7C,0x02,0x02,0x00,0x00,0x00,0x00,0x00,0x3F,0x40,0x40,//{ 91
 198              0x00,0x00,0x00,0x00,0xFF,0x00,0x00,0x00,0x00,0x00,0x00,0x00,0xFF,0x00,0x00,0x00,//| 92
 199              0x00,0x02,0x02,0x7C,0x80,0x00,0x00,0x00,0x00,0x40,0x40,0x3F,0x00,0x00,0x00,0x00,//} 93
 200              0x00,0x06,0x01,0x01,0x02,0x02,0x04,0x04,0x00,0x00,0x00,0x00,0x00,0x00,0x00,0x00,//~ 94
 201          };
 202          unsigned char code Hzk[][32]= {
 203          
 204              {0x00,0x00,0xF0,0x10,0x10,0x10,0x10,0xFF,0x10,0x10,0x10,0x10,0xF0,0x00,0x00,0x00},
 205              {0x00,0x00,0x0F,0x04,0x04,0x04,0x04,0xFF,0x04,0x04,0x04,0x04,0x0F,0x00,0x00,0x00},/*"中",0*/
 206          
 207              {0x40,0x40,0x40,0x5F,0x55,0x55,0x55,0x75,0x55,0x55,0x55,0x5F,0x40,0x40,0x40,0x00},
 208              {0x00,0x40,0x20,0x0F,0x09,0x49,0x89,0x79,0x09,0x09,0x09,0x0F,0x20,0x40,0x00,0x00},/*"景",1*/
 209          
 210              {0x00,0xFE,0x02,0x42,0x4A,0xCA,0x4A,0x4A,0xCA,0x4A,0x4A,0x42,0x02,0xFE,0x00,0x00},
 211              {0x00,0xFF,0x40,0x50,0x4C,0x43,0x40,0x40,0x4F,0x50,0x50,0x5C,0x40,0xFF,0x00,0x00},/*"园",2*/
 212          
 213              {0x00,0x00,0xF8,0x88,0x88,0x88,0x88,0xFF,0x88,0x88,0x88,0x88,0xF8,0x00,0x00,0x00},
 214              {0x00,0x00,0x1F,0x08,0x08,0x08,0x08,0x7F,0x88,0x88,0x88,0x88,0x9F,0x80,0xF0,0x00},/*"电",3*/
 215          
 216              {0x80,0x82,0x82,0x82,0x82,0x82,0x82,0xE2,0xA2,0x92,0x8A,0x86,0x82,0x80,0x80,0x00},
 217              {0x00,0x00,0x00,0x00,0x00,0x40,0x80,0x7F,0x00,0x00,0x00,0x00,0x00,0x00,0x00,0x00},/*"子",4*/
 218          
 219              {0x24,0x24,0xA4,0xFE,0xA3,0x22,0x00,0x22,0xCC,0x00,0x00,0xFF,0x00,0x00,0x00,0x00},
 220              {0x08,0x06,0x01,0xFF,0x00,0x01,0x04,0x04,0x04,0x04,0x04,0xFF,0x02,0x02,0x02,0x00},/*"科",5*/
 221          
 222              {0x10,0x10,0x10,0xFF,0x10,0x90,0x08,0x88,0x88,0x88,0xFF,0x88,0x88,0x88,0x08,0x00},
 223              {0x04,0x44,0x82,0x7F,0x01,0x80,0x80,0x40,0x43,0x2C,0x10,0x28,0x46,0x81,0x80,0x00},/*"技",6*/
 224          
 225          };
 226          unsigned char code BMP1[] =
 227          {
 228            
 229              0x00,0x00,0x26,0x49,0x49,0x49,0x32,0x00,0x00,0x7F,0x02,0x04,0x08,0x10,0x7F,0x00,/*********************
             -***********/
 230          };
 231          
 232          unsigned char code BMP2[] =
 233          {
 234              0x00,0x00,0x06,0x06,0x06,0xFE,0xFE,0x06,0x06,0x06,0x00,0x00,0x00,0x00,0x00,0x00,
 235              0x80,0xC0,0xE0,0xF0,0xF8,0xFC,0xFC,0xFC,0xFC,0xFC,0xF8,0xF0,0xE0,0xC0,0xC0,0xE0,
 236              0xF0,0xF8,0xFC,0xFC,0xFC,0xFC,0xF8,0xF0,0xE0,0xC0,0x00,0x00,0x00,0x00,0x00,0x00,
 237              0xF8,0xF8,0xF8,0x00,0x00,0x00,0x00,0x00,0x00,0x00,0x00,0x00,0xF8,0xF8,0xF8,0x00,
 238              0x00,0x00,0x00,0x00,0x00,0xFF,0xFF,0x00,0x00,0x00,0x00,0x00,0x00,0x00,0x78,0xFE,
 239              0xFF,0xFF,0xFF,0xFF,0xFF,0xFF,0xFF,0xFF,0xFF,0xFF,0xFF,0xFF,0xFF,0xFF,0xFF,0xFF,
C51 COMPILER V9.60.0.0   OLEDCODE                                                          05/17/2020 19:06:57 PAGE 5   

 240              0xFF,0xFF,0xFF,0xFF,0xFF,0xFF,0xFF,0xFF,0xFF,0xFF,0xFF,0xFE,0xF8,0x00,0x00,0x00,
 241              0xFF,0xFF,0xFF,0x00,0x00,0x00,0x00,0x00,0x00,0x00,0x00,0x00,0xFF,0xFF,0xFF,0x00,
 242              0x00,0x00,0x00,0x00,0x00,0xFF,0xFF,0x00,0x00,0x00,0x00,0x00,0x00,0x00,0x00,0x01,
 243              0x07,0x0F,0x1F,0x3F,0x7F,0xFF,0xFF,0xFF,0xFF,0xFF,0xFF,0xFF,0xFF,0xFF,0xFF,0xFF,
 244              0xFF,0xFF,0xFF,0xFF,0xFF,0xFF,0x7F,0x3F,0x1F,0x1F,0x07,0x03,0x00,0x00,0x00,0x00,
 245              0xFF,0xFF,0xFF,0x00,0x00,0x00,0x00,0x00,0x00,0x00,0x00,0x00,0xFF,0xFF,0xFF,0x00,
 246              0x00,0x00,0x60,0x60,0x60,0x7F,0x7F,0x60,0x60,0x60,0x00,0x00,0x00,0x00,0x00,0x00,
 247              0x00,0x00,0x00,0x00,0x00,0x00,0x00,0x01,0x03,0x07,0x0F,0x1F,0x1F,0x3F,0x7F,0x3F,
 248              0x1F,0x0F,0x07,0x03,0x01,0x00,0x00,0x00,0x00,0x00,0x00,0x00,0x00,0x00,0x00,0x00,
 249              0x1F,0x3F,0x3F,0x38,0x30,0x30,0x30,0x30,0x30,0x30,0x30,0x38,0x3F,0x3F,0x1F,0x00, //*******************
             -**************/
 250          };
 251          
 252          


MODULE INFORMATION:   STATIC OVERLAYABLE
   CODE SIZE        =   ----    ----
   CONSTANT SIZE    =   2792    ----
   XDATA SIZE       =   ----    ----
   PDATA SIZE       =   ----    ----
   DATA SIZE        =   ----    ----
   IDATA SIZE       =   ----    ----
   BIT SIZE         =   ----    ----
END OF MODULE INFORMATION.


C51 COMPILATION COMPLETE.  0 WARNING(S),  0 ERROR(S)
